<?xml version="1.0" encoding="UTF-8"?>
<!-- Generated by org.testng.reporters.JUnitReportReporter -->
<testsuite hostname="DESKTOP-UM6LR8M" name="com.TestScript.HomeTest" tests="1" failures="0" timestamp="12 Sep 2017 03:38:56 GMT" time="35.619" errors="0">
  <testcase name="Actionclass" time="35.619" classname="com.TestScript.HomeTest"/>
</testsuite> <!-- com.TestScript.HomeTest -->
